<?xml version="1.0" encoding="utf-8" standalone="no"?>
<test-results xmlns:xsi="http://www.w3.org/2001/XMLSchema-instance" xsi:noNamespaceSchemaLocation="nunit_schema_2.5.xsd" name="Pester" total="9" errors="0" failures="0" not-run="0" inconclusive="0" ignored="0" skipped="0" invalid="0" date="2025-09-05" time="11:28:53">
  <environment os-version="10.0.26120" clr-version="9.0.6" nunit-version="2.5.8.0" user="matt" user-domain="DESKTOP-UDKBU83" machine-name="DESKTOP-UDKBU83" cwd="C:\git\pwsh-module-port" platform="Microsoft Windows 11 Home|C:\WINDOWS|\Device\Harddisk0\Partition3" />
  <culture-info current-culture="en-GB" current-uiculture="en-GB" />
  <test-suite type="TestFixture" name="Pester" executed="True" result="Success" success="True" time="0.3367" asserts="0" description="Pester">
    <results>
      <test-suite type="TestFixture" name="C:\git\pwsh-module-port\tests\Port.Api.Tests.ps1" executed="True" result="Success" success="True" time="0.3367" asserts="0" description="C:\git\pwsh-module-port\tests\Port.Api.Tests.ps1">
        <results>
          <test-suite type="TestFixture" name="Port.Api module scaffolding" executed="True" result="Success" success="True" time="0.0245" asserts="0" description="Port.Api module scaffolding">
            <results>
              <test-case description="exports expected public functions" name="Port.Api module scaffolding.exports expected public functions" time="0.0173" asserts="0" success="True" result="Success" executed="True" />
              <test-case description="sets connection context" name="Port.Api module scaffolding.sets connection context" time="0.0041" asserts="0" success="True" result="Success" executed="True" />
            </results>
          </test-suite>
          <test-suite type="TestFixture" name="New-PortAccessToken" executed="True" result="Success" success="True" time="0.0459" asserts="0" description="New-PortAccessToken">
            <results>
              <test-case description="posts to /v1/auth/access_token and caches token" name="New-PortAccessToken.posts to /v1/auth/access_token and caches token" time="0.0167" asserts="0" success="True" result="Success" executed="True" />
            </results>
          </test-suite>
          <test-suite type="TestFixture" name="Set-PortEntity" executed="True" result="Success" success="True" time="0.0721" asserts="0" description="Set-PortEntity">
            <results>
              <test-case description="respects -WhatIf via ShouldProcess" name="Set-PortEntity.respects -WhatIf via ShouldProcess" time="0.0066" asserts="0" success="True" result="Success" executed="True" />
              <test-case description="calls Invoke-PortApi with correct path and body" name="Set-PortEntity.calls Invoke-PortApi with correct path and body" time="0.0165" asserts="0" success="True" result="Success" executed="True" />
            </results>
          </test-suite>
          <test-suite type="TestFixture" name="Invoke-PortApi token refresh and error flow" executed="True" result="Success" success="True" time="0.1998" asserts="0" description="Invoke-PortApi token refresh and error flow">
            <results>
              <test-case description="refreshes token when expired before calling API" name="Invoke-PortApi token refresh and error flow.refreshes token when expired before calling API" time="0.0198" asserts="0" success="True" result="Success" executed="True" />
              <test-case description="bubbles exceptions from Port calls" name="Invoke-PortApi token refresh and error flow.bubbles exceptions from Port calls" time="0.0146" asserts="0" success="True" result="Success" executed="True" />
              <test-case description="surfaces 401 Unauthorized with body content" name="Invoke-PortApi token refresh and error flow.surfaces 401 Unauthorized with body content" time="0.0539" asserts="0" success="True" result="Success" executed="True" />
              <test-case description="surfaces 422 Validation error with body content" name="Invoke-PortApi token refresh and error flow.surfaces 422 Validation error with body content" time="0.0365" asserts="0" success="True" result="Success" executed="True" />
            </results>
          </test-suite>
        </results>
      </test-suite>
    </results>
  </test-suite>
</test-results>