<?xml version="1.0" encoding="utf-8" standalone="no"?>
<test-results xmlns:xsi="http://www.w3.org/2001/XMLSchema-instance" xsi:noNamespaceSchemaLocation="nunit_schema_2.5.xsd" name="Pester" total="2" errors="0" failures="0" not-run="0" inconclusive="0" ignored="0" skipped="0" invalid="0" date="2025-09-05" time="10:29:02">
  <environment os-version="10.0.26120" clr-version="9.0.6" nunit-version="2.5.8.0" user="matt" user-domain="DESKTOP-UDKBU83" machine-name="DESKTOP-UDKBU83" cwd="C:\git\pwsh-module-port" platform="Microsoft Windows 11 Home|C:\WINDOWS|\Device\Harddisk0\Partition3" />
  <culture-info current-culture="en-GB" current-uiculture="en-GB" />
  <test-suite type="TestFixture" name="Pester" executed="True" result="Success" success="True" time="5.5529" asserts="0" description="Pester">
    <results>
      <test-suite type="TestFixture" name="C:\git\pwsh-module-port\tests\Port.Api.Tests.ps1" executed="True" result="Success" success="True" time="5.5529" asserts="0" description="C:\git\pwsh-module-port\tests\Port.Api.Tests.ps1">
        <results>
          <test-suite type="TestFixture" name="Port.Api module scaffolding" executed="True" result="Success" success="True" time="1.843" asserts="0" description="Port.Api module scaffolding">
            <results>
              <test-case description="exports expected public functions" name="Port.Api module scaffolding.exports expected public functions" time="1.0119" asserts="0" success="True" result="Success" executed="True" />
              <test-case description="sets connection context" name="Port.Api module scaffolding.sets connection context" time="0.1384" asserts="0" success="True" result="Success" executed="True" />
            </results>
          </test-suite>
        </results>
      </test-suite>
    </results>
  </test-suite>
</test-results>